13-Jun-2022 16:56:40.571 信息 [main] org.apache.catalina.startup.VersionLoggerListener.log Server.服务器版本: Apache Tomcat/8.5.79
13-Jun-2022 16:56:40.580 信息 [main] org.apache.catalina.startup.VersionLoggerListener.log 服务器构建:        May 16 2022 15:36:23 UTC
13-Jun-2022 16:56:40.580 信息 [main] org.apache.catalina.startup.VersionLoggerListener.log 服务器版本号:      8.5.79.0
13-Jun-2022 16:56:40.582 信息 [main] org.apache.catalina.startup.VersionLoggerListener.log 操作系统名称:      Windows 10
13-Jun-2022 16:56:40.583 信息 [main] org.apache.catalina.startup.VersionLoggerListener.log OS.版本:           10.0
13-Jun-2022 16:56:40.583 信息 [main] org.apache.catalina.startup.VersionLoggerListener.log 架构:              amd64
13-Jun-2022 16:56:40.583 信息 [main] org.apache.catalina.startup.VersionLoggerListener.log Java 环境变量:     D:\JDK\jre
13-Jun-2022 16:56:40.584 信息 [main] org.apache.catalina.startup.VersionLoggerListener.log Java虚拟机版本:    1.8.0_201-b09
13-Jun-2022 16:56:40.584 信息 [main] org.apache.catalina.startup.VersionLoggerListener.log JVM.供应商:        Oracle Corporation
13-Jun-2022 16:56:40.584 信息 [main] org.apache.catalina.startup.VersionLoggerListener.log CATALINA_BASE:     F:\移动应用开发\课设\完成\apache-tomcat-8.5.79
13-Jun-2022 16:56:40.585 信息 [main] org.apache.catalina.startup.VersionLoggerListener.log CATALINA_HOME:     F:\移动应用开发\课设\完成\apache-tomcat-8.5.79
13-Jun-2022 16:56:40.585 信息 [main] org.apache.catalina.startup.VersionLoggerListener.log 命令行参数：       -Djava.util.logging.config.file=F:\移动应用开发\课设\完成\apache-tomcat-8.5.79\conf\logging.properties
13-Jun-2022 16:56:40.585 信息 [main] org.apache.catalina.startup.VersionLoggerListener.log 命令行参数：       -Djava.util.logging.manager=org.apache.juli.ClassLoaderLogManager
13-Jun-2022 16:56:40.585 信息 [main] org.apache.catalina.startup.VersionLoggerListener.log 命令行参数：       -Djdk.tls.ephemeralDHKeySize=2048
13-Jun-2022 16:56:40.585 信息 [main] org.apache.catalina.startup.VersionLoggerListener.log 命令行参数：       -Djava.protocol.handler.pkgs=org.apache.catalina.webresources
13-Jun-2022 16:56:40.585 信息 [main] org.apache.catalina.startup.VersionLoggerListener.log 命令行参数：       -Dignore.endorsed.dirs=
13-Jun-2022 16:56:40.586 信息 [main] org.apache.catalina.startup.VersionLoggerListener.log 命令行参数：       -Dcatalina.base=F:\移动应用开发\课设\完成\apache-tomcat-8.5.79
13-Jun-2022 16:56:40.587 信息 [main] org.apache.catalina.startup.VersionLoggerListener.log 命令行参数：       -Dcatalina.home=F:\移动应用开发\课设\完成\apache-tomcat-8.5.79
13-Jun-2022 16:56:40.587 信息 [main] org.apache.catalina.startup.VersionLoggerListener.log 命令行参数：       -Djava.io.tmpdir=F:\移动应用开发\课设\完成\apache-tomcat-8.5.79\temp
13-Jun-2022 16:56:40.587 信息 [main] org.apache.catalina.core.AprLifecycleListener.lifecycleEvent 在java.library.path:[D:\JDK\bin;C:\Windows\Sun\Java\bin;C:\Windows\system32;C:\Windows;C:\ProgramData\Anaconda3;C:\ProgramData\Anaconda3\Library\mingw-w64\bin;C:\ProgramData\Anaconda3\Library\usr\bin;C:\ProgramData\Anaconda3\Library\bin;C:\ProgramData\Anaconda3\Scripts;C:\Program Files (x86)\Common Files\Oracle\Java\javapath;C:\Windows\system32;C:\Windows;C:\Windows\System32\Wbem;C:\Windows\System32\WindowsPowerShell\v1.0\;C:\Windows\System32\OpenSSH\;D:\Program Files\nodejs\;C:\Users\lq\AppData\Local\Programs\Python\Python310\Scripts\;C:\Users\lq\AppData\Local\Programs\Python\Python310\;C:\Users\lq\AppData\Local\Microsoft\WindowsApps;D:\JDK\bin;D:\JDK\jre\bin;;D:\pycharm\PyCharm 2021.3.2\bin;;C:\Users\lq\AppData\Roaming\npm;.]上找不到基于APR的Apache Tomcat本机库，该库允许在生产环境中获得最佳性能
13-Jun-2022 16:56:40.876 信息 [main] org.apache.coyote.AbstractProtocol.init 初始化协议处理器 ["http-nio-8080"]
13-Jun-2022 16:56:40.907 信息 [main] org.apache.catalina.startup.Catalina.load Initialization processed in 1154 ms
13-Jun-2022 16:56:40.992 信息 [main] org.apache.catalina.core.StandardService.startInternal 正在启动服务[Catalina]
13-Jun-2022 16:56:40.992 信息 [main] org.apache.catalina.core.StandardEngine.startInternal 正在启动 Servlet 引擎：[Apache Tomcat/8.5.79]
13-Jun-2022 16:56:41.012 信息 [localhost-startStop-1] org.apache.catalina.startup.HostConfig.deployDirectory 把web 应用程序部署到目录 [F:\移动应用开发\课设\完成\apache-tomcat-8.5.79\webapps\docs]
13-Jun-2022 16:56:41.542 警告 [localhost-startStop-1] org.apache.catalina.util.SessionIdGeneratorBase.createSecureRandom 使用[SHA1PRNG]创建会话ID生成的SecureRandom实例花费了[246]毫秒。
13-Jun-2022 16:56:41.585 信息 [localhost-startStop-1] org.apache.catalina.startup.HostConfig.deployDirectory Web应用程序目录[F:\移动应用开发\课设\完成\apache-tomcat-8.5.79\webapps\docs]的部署已在[573]毫秒内完成
13-Jun-2022 16:56:41.585 信息 [localhost-startStop-1] org.apache.catalina.startup.HostConfig.deployDirectory 把web 应用程序部署到目录 [F:\移动应用开发\课设\完成\apache-tomcat-8.5.79\webapps\examples]
13-Jun-2022 16:56:42.009 信息 [localhost-startStop-1] org.apache.catalina.startup.HostConfig.deployDirectory Web应用程序目录[F:\移动应用开发\课设\完成\apache-tomcat-8.5.79\webapps\examples]的部署已在[424]毫秒内完成
13-Jun-2022 16:56:42.013 信息 [localhost-startStop-1] org.apache.catalina.startup.HostConfig.deployDirectory 把web 应用程序部署到目录 [F:\移动应用开发\课设\完成\apache-tomcat-8.5.79\webapps\host-manager]
13-Jun-2022 16:56:42.052 信息 [localhost-startStop-1] org.apache.catalina.startup.HostConfig.deployDirectory Web应用程序目录[F:\移动应用开发\课设\完成\apache-tomcat-8.5.79\webapps\host-manager]的部署已在[38]毫秒内完成
13-Jun-2022 16:56:42.052 信息 [localhost-startStop-1] org.apache.catalina.startup.HostConfig.deployDirectory 把web 应用程序部署到目录 [F:\移动应用开发\课设\完成\apache-tomcat-8.5.79\webapps\manager]
13-Jun-2022 16:56:42.088 信息 [localhost-startStop-1] org.apache.catalina.startup.HostConfig.deployDirectory Web应用程序目录[F:\移动应用开发\课设\完成\apache-tomcat-8.5.79\webapps\manager]的部署已在[36]毫秒内完成
13-Jun-2022 16:56:42.089 信息 [localhost-startStop-1] org.apache.catalina.startup.HostConfig.deployDirectory 把web 应用程序部署到目录 [F:\移动应用开发\课设\完成\apache-tomcat-8.5.79\webapps\ROOT]
13-Jun-2022 16:56:42.114 信息 [localhost-startStop-1] org.apache.catalina.startup.HostConfig.deployDirectory Web应用程序目录[F:\移动应用开发\课设\完成\apache-tomcat-8.5.79\webapps\ROOT]的部署已在[26]毫秒内完成
13-Jun-2022 16:56:42.117 信息 [main] org.apache.coyote.AbstractProtocol.start 开始协议处理句柄["http-nio-8080"]
13-Jun-2022 16:56:42.203 信息 [main] org.apache.catalina.startup.Catalina.start Server startup in 1296 ms
