07-Jun-2022 08:42:49.809 信息 [main] org.apache.catalina.startup.VersionLoggerListener.log Server.服务器版本: Apache Tomcat/8.5.79
07-Jun-2022 08:42:49.817 信息 [main] org.apache.catalina.startup.VersionLoggerListener.log 服务器构建:        May 16 2022 15:36:23 UTC
07-Jun-2022 08:42:49.818 信息 [main] org.apache.catalina.startup.VersionLoggerListener.log 服务器版本号:      8.5.79.0
07-Jun-2022 08:42:49.819 信息 [main] org.apache.catalina.startup.VersionLoggerListener.log 操作系统名称:      Windows 10
07-Jun-2022 08:42:49.820 信息 [main] org.apache.catalina.startup.VersionLoggerListener.log OS.版本:           10.0
07-Jun-2022 08:42:49.820 信息 [main] org.apache.catalina.startup.VersionLoggerListener.log 架构:              amd64
07-Jun-2022 08:42:49.820 信息 [main] org.apache.catalina.startup.VersionLoggerListener.log Java 环境变量:     C:\Program Files\Java\jdk1.8.0_131\jre
07-Jun-2022 08:42:49.820 信息 [main] org.apache.catalina.startup.VersionLoggerListener.log Java虚拟机版本:    1.8.0_131-b11
07-Jun-2022 08:42:49.820 信息 [main] org.apache.catalina.startup.VersionLoggerListener.log JVM.供应商:        Oracle Corporation
07-Jun-2022 08:42:49.820 信息 [main] org.apache.catalina.startup.VersionLoggerListener.log CATALINA_BASE:     C:\Users\Administrator\Desktop\apache-tomcat-8.5.79
07-Jun-2022 08:42:49.821 信息 [main] org.apache.catalina.startup.VersionLoggerListener.log CATALINA_HOME:     C:\Users\Administrator\Desktop\apache-tomcat-8.5.79
07-Jun-2022 08:42:49.821 信息 [main] org.apache.catalina.startup.VersionLoggerListener.log 命令行参数：       -Djava.util.logging.config.file=C:\Users\Administrator\Desktop\apache-tomcat-8.5.79\conf\logging.properties
07-Jun-2022 08:42:49.821 信息 [main] org.apache.catalina.startup.VersionLoggerListener.log 命令行参数：       -Djava.util.logging.manager=org.apache.juli.ClassLoaderLogManager
07-Jun-2022 08:42:49.821 信息 [main] org.apache.catalina.startup.VersionLoggerListener.log 命令行参数：       -Djdk.tls.ephemeralDHKeySize=2048
07-Jun-2022 08:42:49.821 信息 [main] org.apache.catalina.startup.VersionLoggerListener.log 命令行参数：       -Djava.protocol.handler.pkgs=org.apache.catalina.webresources
07-Jun-2022 08:42:49.821 信息 [main] org.apache.catalina.startup.VersionLoggerListener.log 命令行参数：       -Dignore.endorsed.dirs=
07-Jun-2022 08:42:49.821 信息 [main] org.apache.catalina.startup.VersionLoggerListener.log 命令行参数：       -Dcatalina.base=C:\Users\Administrator\Desktop\apache-tomcat-8.5.79
07-Jun-2022 08:42:49.822 信息 [main] org.apache.catalina.startup.VersionLoggerListener.log 命令行参数：       -Dcatalina.home=C:\Users\Administrator\Desktop\apache-tomcat-8.5.79
07-Jun-2022 08:42:49.822 信息 [main] org.apache.catalina.startup.VersionLoggerListener.log 命令行参数：       -Djava.io.tmpdir=C:\Users\Administrator\Desktop\apache-tomcat-8.5.79\temp
07-Jun-2022 08:42:49.822 信息 [main] org.apache.catalina.core.AprLifecycleListener.lifecycleEvent 在java.library.path:[C:\Program Files\Java\jdk1.8.0_131\bin;C:\Windows\Sun\Java\bin;C:\Windows\system32;C:\Windows;C:\Program Files (x86)\Common Files\Oracle\Java\javapath;C:\Program Files (x86)\VMware\VMware Workstation\bin\;C:\app\Administrator\product\11.2.0\dbhome_1\bin;C:\Program Files\Microsoft MPI\Bin\;C:\Rtools\bin;C:\ProgramData\Oracle\Java\javapath;C:\Windows\system32;C:\Windows;C:\Windows\System32\Wbem;C:\Windows\System32\WindowsPowerShell\v1.0\;C:\Windows\System32\OpenSSH\;C:\Program Files\Java\jdk1.8.0_131\bin\;C:\Program Files\Java\jdk1.8.0_131\jre\bin\;C:\Program Files (x86)\Windows Kits\8.1\Windows Performance Toolkit\;C:\Program Files\Microsoft SQL Server\110\Tools\Binn\;C:\Program Files\MySQL\MySQL Server 8.0\bin;C:\Program Files (x86)\Microsoft SQL Server\140\Tools\Binn\;C:\Program Files\Microsoft SQL Server\140\Tools\Binn\;C:\Program Files (x86)\Microsoft SQL Server\140\DTS\Binn\;C:\Program Files\Microsoft SQL Server\140\DTS\Binn\;C:\Program Files\Microsoft SQL Server\Client SDK\ODBC\130\Tools\Binn\;C:\Program Files (x86)\Microsoft SQL Server\Client SDK\ODBC\130\Tools\Binn\;C:\Program Files (x86)\Microsoft SQL Server\140\Tools\Binn\ManagementStudio\;C:\Program Files\MySQL\MySQL Shell 8.0\bin\;C:\Program Files\JetBrains\IntelliJ IDEA 2021.1.1\bin;;.]上找不到基于APR的Apache Tomcat本机库，该库允许在生产环境中获得最佳性能
07-Jun-2022 08:42:49.949 信息 [main] org.apache.coyote.AbstractProtocol.init 初始化协议处理器 ["http-nio-8080"]
07-Jun-2022 08:42:49.972 信息 [main] org.apache.catalina.startup.Catalina.load Initialization processed in 482 ms
07-Jun-2022 08:42:49.999 信息 [main] org.apache.catalina.core.StandardService.startInternal 正在启动服务[Catalina]
07-Jun-2022 08:42:49.999 信息 [main] org.apache.catalina.core.StandardEngine.startInternal 正在启动 Servlet 引擎：[Apache Tomcat/8.5.79]
07-Jun-2022 08:42:50.011 信息 [localhost-startStop-1] org.apache.catalina.startup.HostConfig.deployDirectory 把web 应用程序部署到目录 [C:\Users\Administrator\Desktop\apache-tomcat-8.5.79\webapps\docs]
07-Jun-2022 08:42:50.235 信息 [localhost-startStop-1] org.apache.catalina.startup.HostConfig.deployDirectory Web应用程序目录[C:\Users\Administrator\Desktop\apache-tomcat-8.5.79\webapps\docs]的部署已在[220]毫秒内完成
07-Jun-2022 08:42:50.237 信息 [localhost-startStop-1] org.apache.catalina.startup.HostConfig.deployDirectory 把web 应用程序部署到目录 [C:\Users\Administrator\Desktop\apache-tomcat-8.5.79\webapps\examples]
07-Jun-2022 08:42:50.604 信息 [localhost-startStop-1] org.apache.catalina.startup.HostConfig.deployDirectory Web应用程序目录[C:\Users\Administrator\Desktop\apache-tomcat-8.5.79\webapps\examples]的部署已在[367]毫秒内完成
07-Jun-2022 08:42:50.606 信息 [localhost-startStop-1] org.apache.catalina.startup.HostConfig.deployDirectory 把web 应用程序部署到目录 [C:\Users\Administrator\Desktop\apache-tomcat-8.5.79\webapps\host-manager]
07-Jun-2022 08:42:50.632 信息 [localhost-startStop-1] org.apache.catalina.startup.HostConfig.deployDirectory Web应用程序目录[C:\Users\Administrator\Desktop\apache-tomcat-8.5.79\webapps\host-manager]的部署已在[26]毫秒内完成
07-Jun-2022 08:42:50.634 信息 [localhost-startStop-1] org.apache.catalina.startup.HostConfig.deployDirectory 把web 应用程序部署到目录 [C:\Users\Administrator\Desktop\apache-tomcat-8.5.79\webapps\manager]
07-Jun-2022 08:42:50.659 信息 [localhost-startStop-1] org.apache.catalina.startup.HostConfig.deployDirectory Web应用程序目录[C:\Users\Administrator\Desktop\apache-tomcat-8.5.79\webapps\manager]的部署已在[25]毫秒内完成
07-Jun-2022 08:42:50.660 信息 [localhost-startStop-1] org.apache.catalina.startup.HostConfig.deployDirectory 把web 应用程序部署到目录 [C:\Users\Administrator\Desktop\apache-tomcat-8.5.79\webapps\ROOT]
07-Jun-2022 08:42:50.679 信息 [localhost-startStop-1] org.apache.catalina.startup.HostConfig.deployDirectory Web应用程序目录[C:\Users\Administrator\Desktop\apache-tomcat-8.5.79\webapps\ROOT]的部署已在[19]毫秒内完成
07-Jun-2022 08:42:50.683 信息 [main] org.apache.coyote.AbstractProtocol.start 开始协议处理句柄["http-nio-8080"]
07-Jun-2022 08:42:50.736 信息 [main] org.apache.catalina.startup.Catalina.start Server startup in 764 ms
